<?xml version="1.0" encoding="UTF-8"?>
<!-- Generated by org.testng.reporters.JUnitReportReporter -->
<testsuite hostname="DESKTOP-AM6U94K" failures="0" tests="1" name="com.Mohs10.TestScripts.Insta_Safe" time="46.299" errors="0" timestamp="2024-07-15T18:21:22 IST" skipped="0">
  <testcase classname="com.Mohs10.TestScripts.Insta_Safe" name="testautoitscript" time="46.299"/>
  <system-out/>
</testsuite> <!-- com.Mohs10.TestScripts.Insta_Safe -->
