<?xml version="1.0" encoding="UTF-8"?>
<!-- Generated by org.testng.reporters.JUnitReportReporter -->
<testsuite hostname="DESKTOP-AM6U94K" failures="0" tests="2" name="com.Mohs10.TestScripts.MamatvaProd_Scripts" time="56.917" errors="0" timestamp="2024-06-25T15:54:50 IST" skipped="0">
  <testcase classname="com.Mohs10.TestScripts.MamatvaProd_Scripts" name="Mamatva" time="26.825"/>
  <testcase classname="com.Mohs10.TestScripts.MamatvaProd_Scripts" name="Mamatva" time="30.092"/>
</testsuite> <!-- com.Mohs10.TestScripts.MamatvaProd_Scripts -->
